android-app/app/build/intermediates/manifest_merge_blame_file/release/manifest-merger-blame-release-report.txt
1<?xml version="1.0" encoding="utf-8"?>
2<manifest xmlns:android="http://schemas.android.com/apk/res/android"
3    package="com.ecosync"
4    android:versionCode="1"
5    android:versionName="1.0" >
6
7    <uses-sdk
8        android:minSdkVersion="21"
8-->src/main/AndroidManifest.xml
9        android:targetSdkVersion="34" />
9-->src/main/AndroidManifest.xml
10
11    <!-- Permissions required by the app -->
12    <uses-permission android:name="android.permission.INTERNET" />
12-->src/main/AndroidManifest.xml:7:5-67
12-->src/main/AndroidManifest.xml:7:22-64
13    <uses-permission android:name="android.permission.ACCESS_NETWORK_STATE" />
13-->src/main/AndroidManifest.xml:8:5-79
13-->src/main/AndroidManifest.xml:8:22-76
14    <uses-permission android:name="android.permission.ACCESS_WIFI_STATE" />
14-->src/main/AndroidManifest.xml:9:5-76
14-->src/main/AndroidManifest.xml:9:22-73
15    <uses-permission android:name="android.permission.POST_NOTIFICATIONS" />
15-->src/main/AndroidManifest.xml:10:5-77
15-->src/main/AndroidManifest.xml:10:22-74
16    <uses-permission android:name="android.permission.FOREGROUND_SERVICE" />
16-->src/main/AndroidManifest.xml:11:5-77
16-->src/main/AndroidManifest.xml:11:22-74
17    <uses-permission android:name="android.permission.READ_EXTERNAL_STORAGE" />
17-->src/main/AndroidManifest.xml:12:5-80
17-->src/main/AndroidManifest.xml:12:22-77
18    <!-- WRITE_EXTERNAL_STORAGE: For Android 9 (API 28) and below. Newer versions use Scoped Storage. -->
19    <uses-permission
19-->src/main/AndroidManifest.xml:14:5-108
20        android:name="android.permission.WRITE_EXTERNAL_STORAGE"
20-->src/main/AndroidManifest.xml:14:22-78
21        android:maxSdkVersion="28" />
21-->src/main/AndroidManifest.xml:14:79-105
22
23    <permission
23-->[androidx.core:core:1.12.0] AndroidManifest.xml:22:5-24:47
24        android:name="com.ecosync.DYNAMIC_RECEIVER_NOT_EXPORTED_PERMISSION"
24-->[androidx.core:core:1.12.0] AndroidManifest.xml:23:9-81
25        android:protectionLevel="signature" />
25-->[androidx.core:core:1.12.0] AndroidManifest.xml:24:9-44
26
27    <uses-permission android:name="com.ecosync.DYNAMIC_RECEIVER_NOT_EXPORTED_PERMISSION" /> <!-- For Android 10+ broad file access, MANAGE_EXTERNAL_STORAGE might be needed (requires special approval). -->
27-->[androidx.core:core:1.12.0] AndroidManifest.xml:26:5-97
27-->[androidx.core:core:1.12.0] AndroidManifest.xml:26:22-94
28    <!-- <uses-permission android:name="android.permission.MANAGE_EXTERNAL_STORAGE" tools:ignore="ScopedStorage" /> -->
29    <application
29-->src/main/AndroidManifest.xml:18:5-68:19
30        android:allowBackup="true"
30-->src/main/AndroidManifest.xml:19:9-35
31        android:appComponentFactory="androidx.core.app.CoreComponentFactory"
31-->[androidx.core:core:1.12.0] AndroidManifest.xml:28:18-86
32        android:icon="@mipmap/ic_launcher"
32-->src/main/AndroidManifest.xml:20:9-43
33        android:label="@string/app_name"
33-->src/main/AndroidManifest.xml:21:9-41
34        android:roundIcon="@mipmap/ic_launcher_round"
34-->src/main/AndroidManifest.xml:22:9-54
35        android:supportsRtl="true"
35-->src/main/AndroidManifest.xml:23:9-35
36        android:theme="@style/AppTheme"
36-->src/main/AndroidManifest.xml:24:9-40
37        android:usesCleartextTraffic="true" >
37-->src/main/AndroidManifest.xml:25:9-44
38
39        <!-- Main application Activity (entry point). -->
40        <activity
40-->src/main/AndroidManifest.xml:29:9-36:20
41            android:name="com.ecosync.MainActivity"
41-->src/main/AndroidManifest.xml:30:13-41
42            android:exported="true" >
42-->src/main/AndroidManifest.xml:31:13-36
43            <intent-filter>
43-->src/main/AndroidManifest.xml:32:13-35:29
44                <action android:name="android.intent.action.MAIN" />
44-->src/main/AndroidManifest.xml:33:17-69
44-->src/main/AndroidManifest.xml:33:25-66
45
46                <category android:name="android.intent.category.LAUNCHER" />
46-->src/main/AndroidManifest.xml:34:17-77
46-->src/main/AndroidManifest.xml:34:27-74
47            </intent-filter>
48        </activity>
49
50        <!-- Service for clipboard synchronization. Not exported (only used by this app). -->
51        <service
51-->src/main/AndroidManifest.xml:39:9-78
52            android:name="com.ecosync.ClipboardService"
52-->src/main/AndroidManifest.xml:39:18-50
53            android:exported="false" />
53-->src/main/AndroidManifest.xml:39:51-75
54
55        <!-- Service for listening to system notifications. Requires BIND_NOTIFICATION_LISTENER_SERVICE permission. -->
56        <service
56-->src/main/AndroidManifest.xml:42:9-49:19
57            android:name="com.ecosync.NotificationListener"
57-->src/main/AndroidManifest.xml:43:13-49
58            android:exported="true"
58-->src/main/AndroidManifest.xml:44:13-36
59            android:permission="android.permission.BIND_NOTIFICATION_LISTENER_SERVICE" >
59-->src/main/AndroidManifest.xml:45:13-87
60            <intent-filter>
60-->src/main/AndroidManifest.xml:46:13-48:29
61                <action android:name="android.service.notification.NotificationListenerService" />
61-->src/main/AndroidManifest.xml:47:17-99
61-->src/main/AndroidManifest.xml:47:25-96
62            </intent-filter>
63        </service>
64
65        <!-- Service for file transfer operations. Not exported. -->
66        <service
66-->src/main/AndroidManifest.xml:52:9-81
67            android:name="com.ecosync.FileTransferService"
67-->src/main/AndroidManifest.xml:52:18-53
68            android:exported="false" />
68-->src/main/AndroidManifest.xml:52:54-78
69
70        <!-- Accessibility Service for reliable clipboard monitoring. Requires BIND_ACCESSIBILITY_SERVICE permission. -->
71        <service
71-->src/main/AndroidManifest.xml:55:9-66:19
72            android:name="com.ecosync.ClipboardAccessibilityService"
72-->src/main/AndroidManifest.xml:56:13-58
73            android:exported="false"
73-->src/main/AndroidManifest.xml:58:13-37
74            android:permission="android.permission.BIND_ACCESSIBILITY_SERVICE" >
74-->src/main/AndroidManifest.xml:57:13-79
75            <intent-filter>
75-->src/main/AndroidManifest.xml:59:13-61:29
76                <action android:name="android.accessibilityservice.AccessibilityService" />
76-->src/main/AndroidManifest.xml:60:17-92
76-->src/main/AndroidManifest.xml:60:25-89
77            </intent-filter>
78            <!-- Configuration file for the accessibility service. -->
79            <meta-data
79-->src/main/AndroidManifest.xml:63:13-65:72
80                android:name="android.accessibilityservice"
80-->src/main/AndroidManifest.xml:64:17-60
81                android:resource="@xml/accessibility_service_config" />
81-->src/main/AndroidManifest.xml:65:17-69
82        </service>
83
84        <provider
84-->[androidx.emoji2:emoji2:1.2.0] AndroidManifest.xml:24:9-32:20
85            android:name="androidx.startup.InitializationProvider"
85-->[androidx.emoji2:emoji2:1.2.0] AndroidManifest.xml:25:13-67
86            android:authorities="com.ecosync.androidx-startup"
86-->[androidx.emoji2:emoji2:1.2.0] AndroidManifest.xml:26:13-68
87            android:exported="false" >
87-->[androidx.emoji2:emoji2:1.2.0] AndroidManifest.xml:27:13-37
88            <meta-data
88-->[androidx.emoji2:emoji2:1.2.0] AndroidManifest.xml:29:13-31:52
89                android:name="androidx.emoji2.text.EmojiCompatInitializer"
89-->[androidx.emoji2:emoji2:1.2.0] AndroidManifest.xml:30:17-75
90                android:value="androidx.startup" />
90-->[androidx.emoji2:emoji2:1.2.0] AndroidManifest.xml:31:17-49
91            <meta-data
91-->[androidx.lifecycle:lifecycle-process:2.6.1] AndroidManifest.xml:29:13-31:52
92                android:name="androidx.lifecycle.ProcessLifecycleInitializer"
92-->[androidx.lifecycle:lifecycle-process:2.6.1] AndroidManifest.xml:30:17-78
93                android:value="androidx.startup" />
93-->[androidx.lifecycle:lifecycle-process:2.6.1] AndroidManifest.xml:31:17-49
94            <meta-data
94-->[androidx.profileinstaller:profileinstaller:1.3.0] AndroidManifest.xml:29:13-31:52
95                android:name="androidx.profileinstaller.ProfileInstallerInitializer"
95-->[androidx.profileinstaller:profileinstaller:1.3.0] AndroidManifest.xml:30:17-85
96                android:value="androidx.startup" />
96-->[androidx.profileinstaller:profileinstaller:1.3.0] AndroidManifest.xml:31:17-49
97        </provider>
98
99        <receiver
99-->[androidx.profileinstaller:profileinstaller:1.3.0] AndroidManifest.xml:34:9-52:20
100            android:name="androidx.profileinstaller.ProfileInstallReceiver"
100-->[androidx.profileinstaller:profileinstaller:1.3.0] AndroidManifest.xml:35:13-76
101            android:directBootAware="false"
101-->[androidx.profileinstaller:profileinstaller:1.3.0] AndroidManifest.xml:36:13-44
102            android:enabled="true"
102-->[androidx.profileinstaller:profileinstaller:1.3.0] AndroidManifest.xml:37:13-35
103            android:exported="true"
103-->[androidx.profileinstaller:profileinstaller:1.3.0] AndroidManifest.xml:38:13-36
104            android:permission="android.permission.DUMP" >
104-->[androidx.profileinstaller:profileinstaller:1.3.0] AndroidManifest.xml:39:13-57
105            <intent-filter>
105-->[androidx.profileinstaller:profileinstaller:1.3.0] AndroidManifest.xml:40:13-42:29
106                <action android:name="androidx.profileinstaller.action.INSTALL_PROFILE" />
106-->[androidx.profileinstaller:profileinstaller:1.3.0] AndroidManifest.xml:41:17-91
106-->[androidx.profileinstaller:profileinstaller:1.3.0] AndroidManifest.xml:41:25-88
107            </intent-filter>
108            <intent-filter>
108-->[androidx.profileinstaller:profileinstaller:1.3.0] AndroidManifest.xml:43:13-45:29
109                <action android:name="androidx.profileinstaller.action.SKIP_FILE" />
109-->[androidx.profileinstaller:profileinstaller:1.3.0] AndroidManifest.xml:44:17-85
109-->[androidx.profileinstaller:profileinstaller:1.3.0] AndroidManifest.xml:44:25-82
110            </intent-filter>
111            <intent-filter>
111-->[androidx.profileinstaller:profileinstaller:1.3.0] AndroidManifest.xml:46:13-48:29
112                <action android:name="androidx.profileinstaller.action.SAVE_PROFILE" />
112-->[androidx.profileinstaller:profileinstaller:1.3.0] AndroidManifest.xml:47:17-88
112-->[androidx.profileinstaller:profileinstaller:1.3.0] AndroidManifest.xml:47:25-85
113            </intent-filter>
114            <intent-filter>
114-->[androidx.profileinstaller:profileinstaller:1.3.0] AndroidManifest.xml:49:13-51:29
115                <action android:name="androidx.profileinstaller.action.BENCHMARK_OPERATION" />
115-->[androidx.profileinstaller:profileinstaller:1.3.0] AndroidManifest.xml:50:17-95
115-->[androidx.profileinstaller:profileinstaller:1.3.0] AndroidManifest.xml:50:25-92
116            </intent-filter>
117        </receiver>
118    </application>
119
120</manifest>